# JRE version: Java(TM) SE Runtime Environment (17.0.9+11) (build 17.0.9+11-LTS-201)
# Java VM: Java HotSpot(TM) 64-Bit Server VM (17.0.9+11-LTS-201, mixed mode, sharing, tiered, compressed oops, compressed class ptrs, g1 gc, windows-amd64)
GC Precious Log:
 CPUs: 8 total, 8 available
 Memory: 8014M
 Large Page Support: Disabled
 NUMA Support: Disabled
 Compressed Oops: Enabled (32-bit)
 Heap Region Size: 1M
 Heap Min Capacity: 8M
 Heap Initial Capacity: 126M
 Heap Max Capacity: 2004M
 Pre-touch: Disabled
 Parallel Workers: 8
 Concurrent Workers: 2
 Concurrent Refinement Workers: 8
 Periodic GC: Disabled
Heap:
 garbage-first heap   total 129024K, used 44588K [0x0000000082c00000, 0x0000000100000000)
  region size 1024K, 2 young (2048K), 2 survivors (2048K)
 Metaspace       used 26826K, committed 27200K, reserved 1114112K
  class space    used 3105K, committed 3264K, reserved 1048576K
GC Heap History (20 events):
Event: 6.763 GC heap after
{Heap after GC invocations=1 (full 0):
 garbage-first heap   total 129024K, used 4245K [0x0000000082c00000, 0x0000000100000000)
  region size 1024K, 3 young (3072K), 3 survivors (3072K)
 Metaspace       used 5977K, committed 6144K, reserved 1114112K
  class space    used 699K, committed 768K, reserved 1048576K
}
Event: 9.621 GC heap before
{Heap before GC invocations=1 (full 0):
 garbage-first heap   total 129024K, used 33941K [0x0000000082c00000, 0x0000000100000000)
  region size 1024K, 32 young (32768K), 3 survivors (3072K)
 Metaspace       used 9405K, committed 9600K, reserved 1114112K
  class space    used 1135K, committed 1216K, reserved 1048576K
}
Event: 9.633 GC heap after
{Heap after GC invocations=2 (full 0):
 garbage-first heap   total 129024K, used 5811K [0x0000000082c00000, 0x0000000100000000)
  region size 1024K, 2 young (2048K), 2 survivors (2048K)
 Metaspace       used 9405K, committed 9600K, reserved 1114112K
  class space    used 1135K, committed 1216K, reserved 1048576K
}
Event: 16.358 GC heap before
{Heap before GC invocations=2 (full 0):
 garbage-first heap   total 129024K, used 80563K [0x0000000082c00000, 0x0000000100000000)
  region size 1024K, 75 young (76800K), 2 survivors (2048K)
 Metaspace       used 15873K, committed 16128K, reserved 1114112K
  class space    used 1865K, committed 1984K, reserved 1048576K
}
Event: 16.392 GC heap after
{Heap after GC invocations=3 (full 0):
 garbage-first heap   total 129024K, used 13681K [0x0000000082c00000, 0x0000000100000000)
  region size 1024K, 10 young (10240K), 10 survivors (10240K)
 Metaspace       used 15873K, committed 16128K, reserved 1114112K
  class space    used 1865K, committed 1984K, reserved 1048576K
}
Event: 22.109 GC heap before
{Heap before GC invocations=3 (full 0):
 garbage-first heap   total 129024K, used 84337K [0x0000000082c00000, 0x0000000100000000)
  region size 1024K, 75 young (76800K), 10 survivors (10240K)
 Metaspace       used 20236K, committed 20544K, reserved 1114112K
  class space    used 2322K, committed 2432K, reserved 1048576K
}
Event: 22.140 GC heap after
{Heap after GC invocations=4 (full 0):
 garbage-first heap   total 129024K, used 22528K [0x0000000082c00000, 0x0000000100000000)
  region size 1024K, 6 young (6144K), 6 survivors (6144K)
 Metaspace       used 20236K, committed 20544K, reserved 1114112K
  class space    used 2322K, committed 2432K, reserved 1048576K
}
Event: 22.530 GC heap before
{Heap before GC invocations=4 (full 0):
 garbage-first heap   total 129024K, used 24576K [0x0000000082c00000, 0x0000000100000000)
  region size 1024K, 9 young (9216K), 6 survivors (6144K)
 Metaspace       used 21224K, committed 21504K, reserved 1114112K
  class space    used 2476K, committed 2624K, reserved 1048576K
}
Event: 22.547 GC heap after
{Heap after GC invocations=5 (full 0):
 garbage-first heap   total 129024K, used 22528K [0x0000000082c00000, 0x0000000100000000)
  region size 1024K, 2 young (2048K), 2 survivors (2048K)
 Metaspace       used 21224K, committed 21504K, reserved 1114112K
  class space    used 2476K, committed 2624K, reserved 1048576K
}
Event: 25.153 GC heap before
{Heap before GC invocations=6 (full 0):
 garbage-first heap   total 78848K, used 56320K [0x0000000082c00000, 0x0000000100000000)
  region size 1024K, 34 young (34816K), 2 survivors (2048K)
 Metaspace       used 25733K, committed 25984K, reserved 1114112K
  class space    used 2982K, committed 3072K, reserved 1048576K
}
Event: 25.198 GC heap after
{Heap after GC invocations=7 (full 0):
 garbage-first heap   total 78848K, used 36864K [0x0000000082c00000, 0x0000000100000000)
  region size 1024K, 6 young (6144K), 6 survivors (6144K)
 Metaspace       used 25733K, committed 25984K, reserved 1114112K
  class space    used 2982K, committed 3072K, reserved 1048576K
}
Event: 26.284 GC heap before
{Heap before GC invocations=7 (full 0):
 garbage-first heap   total 78848K, used 53248K [0x0000000082c00000, 0x0000000100000000)
  region size 1024K, 21 young (21504K), 6 survivors (6144K)
 Metaspace       used 26769K, committed 27136K, reserved 1114112K
  class space    used 3105K, committed 3264K, reserved 1048576K
}
Event: 26.312 GC heap after
{Heap after GC invocations=8 (full 0):
 garbage-first heap   total 78848K, used 38912K [0x0000000082c00000, 0x0000000100000000)
  region size 1024K, 3 young (3072K), 3 survivors (3072K)
 Metaspace       used 26769K, committed 27136K, reserved 1114112K
  class space    used 3105K, committed 3264K, reserved 1048576K
}
Event: 26.464 GC heap before
{Heap before GC invocations=8 (full 0):
 garbage-first heap   total 78848K, used 43008K [0x0000000082c00000, 0x0000000100000000)
  region size 1024K, 8 young (8192K), 3 survivors (3072K)
 Metaspace       used 26779K, committed 27136K, reserved 1114112K
  class space    used 3105K, committed 3264K, reserved 1048576K
}
Event: 26.483 GC heap after
{Heap after GC invocations=9 (full 0):
 garbage-first heap   total 78848K, used 41890K [0x0000000082c00000, 0x0000000100000000)
  region size 1024K, 3 young (3072K), 3 survivors (3072K)
 Metaspace       used 26779K, committed 27136K, reserved 1114112K
  class space    used 3105K, committed 3264K, reserved 1048576K
}
Event: 27.216 GC heap before
{Heap before GC invocations=10 (full 0):
 garbage-first heap   total 78848K, used 52130K [0x0000000082c00000, 0x0000000100000000)
  region size 1024K, 14 young (14336K), 3 survivors (3072K)
 Metaspace       used 26825K, committed 27200K, reserved 1114112K
  class space    used 3105K, committed 3264K, reserved 1048576K
}
Event: 27.230 GC heap after
{Heap after GC invocations=11 (full 0):
 garbage-first heap   total 78848K, used 47725K [0x0000000082c00000, 0x0000000100000000)
  region size 1024K, 2 young (2048K), 2 survivors (2048K)
 Metaspace       used 26825K, committed 27200K, reserved 1114112K
  class space    used 3105K, committed 3264K, reserved 1048576K
}
Event: 27.242 GC heap before
{Heap before GC invocations=11 (full 0):
 garbage-first heap   total 78848K, used 49773K [0x0000000082c00000, 0x0000000100000000)
  region size 1024K, 3 young (3072K), 2 survivors (2048K)
 Metaspace       used 26825K, committed 27200K, reserved 1114112K
  class space    used 3105K, committed 3264K, reserved 1048576K
}
Event: 27.250 GC heap after
{Heap after GC invocations=12 (full 0):
 garbage-first heap   total 78848K, used 41410K [0x0000000082c00000, 0x0000000100000000)
  region size 1024K, 1 young (1024K), 1 survivors (1024K)
 Metaspace       used 26825K, committed 27200K, reserved 1114112K
  class space    used 3105K, committed 3264K, reserved 1048576K
}
Event: 27.596 GC heap before
{Heap before GC invocations=12 (full 0):
 garbage-first heap   total 78848K, used 51650K [0x0000000082c00000, 0x0000000100000000)
  region size 1024K, 12 young (12288K), 1 survivors (1024K)
 Metaspace       used 26826K, committed 27200K, reserved 1114112K
  class space    used 3105K, committed 3264K, reserved 1048576K
}

